{"name": "test_upload_product_incorrectly_without_store15", "status": "failed", "statusDetails": {"message": "AssertionError", "trace": "self = <TRADO.QA_WEB.Utils.utils_QA.Utils object at 0x0000018CE5EF28F0>, expected = 6, actual = 8\n\n    @allure.step\n    @allure.description('This validation method, if the assert failed it will take screenshot')\n    def assertion(self, expected, actual):\n        driver = self.driver\n        try:\n>           assert expected == actual\nE           AssertionError\n\n..\\Utils\\utils_QA.py:15: AssertionError\n\nDuring handling of the above exception, another exception occurred:\n\nself = <TRADO.QA_WEB.Tests.testQA_upload_new_product.Test_Upload_New_Product_having_store object at 0x0000018CE5448850>\n\n    @pytest.mark.sanity\n    @allure.description('Upload a product incorrectly when the user does not have a store')\n    @allure.severity(allure.severity_level.CRITICAL)\n    def test_upload_product_incorrectly_without_store15(self):\n        driver = self.driver\n        upload_product = Upload_New_Product_Page(driver)\n        upload_product.click_add_new_product_section()\n>       upload_product.enter_all_inputs_filed(['1', 'Team2', '0147258367', 'Team2@trado.com', 'team2.com', 'beersheva',\n                                               'nurit', '2'])\n\ntestQA_upload_new_product.py:201: \n_ _ _ _ _ _ _ _ _ _ _ _ _ _ _ _ _ _ _ _ _ _ _ _ _ _ _ _ _ _ _ _ _ _ _ _ _ _ _ _ _ _ _ _ _ _ _ _ _ _ _ _ _ _ _ _ _ _ _ _ _ _ _ _ _ _ _ _ _ _ _ _ _ _ _ _ _ _ _ _ _ _ _ _ _ _ _ _ _ _ _ _\n..\\Pages\\upload_new_productQA_page.py:58: in enter_all_inputs_filed\n    fields = self.inputs_fields()\n..\\Pages\\upload_new_productQA_page.py:40: in inputs_fields\n    utils.assertion(len(fields), 8)\n_ _ _ _ _ _ _ _ _ _ _ _ _ _ _ _ _ _ _ _ _ _ _ _ _ _ _ _ _ _ _ _ _ _ _ _ _ _ _ _ _ _ _ _ _ _ _ _ _ _ _ _ _ _ _ _ _ _ _ _ _ _ _ _ _ _ _ _ _ _ _ _ _ _ _ _ _ _ _ _ _ _ _ _ _ _ _ _ _ _ _ _\n\nself = <TRADO.QA_WEB.Utils.utils_QA.Utils object at 0x0000018CE5EF28F0>, expected = 6, actual = 8\n\n    @allure.step\n    @allure.description('This validation method, if the assert failed it will take screenshot')\n    def assertion(self, expected, actual):\n        driver = self.driver\n        try:\n            assert expected == actual\n            self.driver.implicitly_wait(1000)\n    \n        except AssertionError:\n            allure.attach(driver.get_screenshot_as_png(), name='screenShot',attachment_type=AttachmentType.PNG)\n>           raise AssertionError\nE           AssertionError\n\n..\\Utils\\utils_QA.py:20: AssertionError"}, "description": "Upload a product incorrectly when the user does not have a store", "steps": [{"name": "click_add_new_product_section", "status": "passed", "start": 1677105767351, "stop": 1677105769687}, {"name": "enter_all_inputs_filed", "status": "failed", "statusDetails": {"message": "AssertionError\n", "trace": "  File \"C:\\Users\\user\\QA_Automation\\2023_Final_Project\\venv\\lib\\site-packages\\allure_commons\\_allure.py\", line 192, in impl\n    return func(*a, **kw)\n  File \"C:\\Users\\user\\QA_Automation\\2023_Final_Project\\TRADO\\QA_WEB\\Pages\\upload_new_productQA_page.py\", line 58, in enter_all_inputs_filed\n    fields = self.inputs_fields()\n  File \"C:\\Users\\user\\QA_Automation\\2023_Final_Project\\venv\\lib\\site-packages\\allure_commons\\_allure.py\", line 192, in impl\n    return func(*a, **kw)\n  File \"C:\\Users\\user\\QA_Automation\\2023_Final_Project\\TRADO\\QA_WEB\\Pages\\upload_new_productQA_page.py\", line 40, in inputs_fields\n    utils.assertion(len(fields), 8)\n  File \"C:\\Users\\user\\QA_Automation\\2023_Final_Project\\venv\\lib\\site-packages\\allure_commons\\_allure.py\", line 192, in impl\n    return func(*a, **kw)\n  File \"C:\\Users\\user\\QA_Automation\\2023_Final_Project\\TRADO\\QA_WEB\\Utils\\utils_QA.py\", line 20, in assertion\n    raise AssertionError\n"}, "steps": [{"name": "inputs_fields", "status": "failed", "statusDetails": {"message": "AssertionError\n", "trace": "  File \"C:\\Users\\user\\QA_Automation\\2023_Final_Project\\venv\\lib\\site-packages\\allure_commons\\_allure.py\", line 192, in impl\n    return func(*a, **kw)\n  File \"C:\\Users\\user\\QA_Automation\\2023_Final_Project\\TRADO\\QA_WEB\\Pages\\upload_new_productQA_page.py\", line 40, in inputs_fields\n    utils.assertion(len(fields), 8)\n  File \"C:\\Users\\user\\QA_Automation\\2023_Final_Project\\venv\\lib\\site-packages\\allure_commons\\_allure.py\", line 192, in impl\n    return func(*a, **kw)\n  File \"C:\\Users\\user\\QA_Automation\\2023_Final_Project\\TRADO\\QA_WEB\\Utils\\utils_QA.py\", line 20, in assertion\n    raise AssertionError\n"}, "steps": [{"name": "assertion", "status": "failed", "statusDetails": {"message": "AssertionError\n", "trace": "  File \"C:\\Users\\user\\QA_Automation\\2023_Final_Project\\venv\\lib\\site-packages\\allure_commons\\_allure.py\", line 192, in impl\n    return func(*a, **kw)\n  File \"C:\\Users\\user\\QA_Automation\\2023_Final_Project\\TRADO\\QA_WEB\\Utils\\utils_QA.py\", line 20, in assertion\n    raise AssertionError\n"}, "attachments": [{"name": "screenShot", "source": "a09864a6-1673-42e9-b4d3-ffebf07af078-attachment.png", "type": "image/png"}], "parameters": [{"name": "expected", "value": "6"}, {"name": "actual", "value": "8"}], "start": 1677105770704, "stop": 1677105770812}], "start": 1677105769687, "stop": 1677105770812}], "parameters": [{"name": "data", "value": "['1', 'Team2', '0147258367', 'Team2@trado.com', 'team2.com', 'beersheva', 'nurit', '2']"}], "start": 1677105769687, "stop": 1677105770813}], "attachments": [{"name": "stdout", "source": "5af4832a-2d56-460c-8907-9912298783e9-attachment.txt", "type": "text/plain"}], "start": 1677105767351, "stop": 1677105770814, "uuid": "536cbb94-28ea-4e28-b778-a0867407da31", "historyId": "e72fa89b15a7f022897f620a66ed1a81", "testCaseId": "56d333c62dac5d296b70459d6df25b6f", "fullName": "testQA_upload_new_product.Test_Upload_New_Product_having_store#test_upload_product_incorrectly_without_store15", "labels": [{"name": "severity", "value": "critical"}, {"name": "tag", "value": "sanity"}, {"name": "tag", "value": "@pytest.mark.usefixtures('Valid_Login_With_login_Code')"}, {"name": "suite", "value": "testQA_upload_new_product"}, {"name": "subSuite", "value": "Test_Upload_New_Product_having_store"}, {"name": "host", "value": "LAPTOP-42FB6NAB"}, {"name": "thread", "value": "27108-MainThread"}, {"name": "framework", "value": "pytest"}, {"name": "language", "value": "cpython3"}, {"name": "package", "value": "testQA_upload_new_product"}]}