{"name": "test_upload_product_when_Email_is_Invalid_character11", "status": "failed", "statusDetails": {"message": "AssertionError", "trace": "self = <TRADO.QA_WEB.Utils.utils_QA.Utils object at 0x0000018CE5F1D5A0>, expected = 6, actual = 8\n\n    @allure.step\n    @allure.description('This validation method, if the assert failed it will take screenshot')\n    def assertion(self, expected, actual):\n        driver = self.driver\n        try:\n>           assert expected == actual\nE           AssertionError\n\n..\\Utils\\utils_QA.py:15: AssertionError\n\nDuring handling of the above exception, another exception occurred:\n\nself = <TRADO.QA_WEB.Tests.testQA_upload_new_product.Test_Upload_New_Product_not_having_store object at 0x0000018CE542FDF0>\n\n    @allure.description('Upload a product incorrectly when the user does not have a store and email is Invalid(Chars@)')\n    @allure.severity(allure.severity_level.CRITICAL)\n    def test_upload_product_when_Email_is_Invalid_character11(self):\n        driver = self.driver\n        upload_product = Upload_New_Product_Page(driver)\n        upload_product.click_add_new_product_section()\n        data = ['1', 'Team2', '0147258367', 'team2@', 'team2.com', 'beersheva', 'nurit', '2']\n>       upload_product.enter_all_inputs_filed(data)\n\ntestQA_upload_new_product.py:145: \n_ _ _ _ _ _ _ _ _ _ _ _ _ _ _ _ _ _ _ _ _ _ _ _ _ _ _ _ _ _ _ _ _ _ _ _ _ _ _ _ _ _ _ _ _ _ _ _ _ _ _ _ _ _ _ _ _ _ _ _ _ _ _ _ _ _ _ _ _ _ _ _ _ _ _ _ _ _ _ _ _ _ _ _ _ _ _ _ _ _ _ _\n..\\Pages\\upload_new_productQA_page.py:58: in enter_all_inputs_filed\n    fields = self.inputs_fields()\n..\\Pages\\upload_new_productQA_page.py:40: in inputs_fields\n    utils.assertion(len(fields), 8)\n_ _ _ _ _ _ _ _ _ _ _ _ _ _ _ _ _ _ _ _ _ _ _ _ _ _ _ _ _ _ _ _ _ _ _ _ _ _ _ _ _ _ _ _ _ _ _ _ _ _ _ _ _ _ _ _ _ _ _ _ _ _ _ _ _ _ _ _ _ _ _ _ _ _ _ _ _ _ _ _ _ _ _ _ _ _ _ _ _ _ _ _\n\nself = <TRADO.QA_WEB.Utils.utils_QA.Utils object at 0x0000018CE5F1D5A0>, expected = 6, actual = 8\n\n    @allure.step\n    @allure.description('This validation method, if the assert failed it will take screenshot')\n    def assertion(self, expected, actual):\n        driver = self.driver\n        try:\n            assert expected == actual\n            self.driver.implicitly_wait(1000)\n    \n        except AssertionError:\n            allure.attach(driver.get_screenshot_as_png(), name='screenShot',attachment_type=AttachmentType.PNG)\n>           raise AssertionError\nE           AssertionError\n\n..\\Utils\\utils_QA.py:20: AssertionError"}, "description": "Upload a product incorrectly when the user does not have a store and email is Invalid(Chars@)", "steps": [{"name": "click_add_new_product_section", "status": "passed", "start": 1677105701707, "stop": 1677105703888}, {"name": "enter_all_inputs_filed", "status": "failed", "statusDetails": {"message": "AssertionError\n", "trace": "  File \"C:\\Users\\user\\QA_Automation\\2023_Final_Project\\venv\\lib\\site-packages\\allure_commons\\_allure.py\", line 192, in impl\n    return func(*a, **kw)\n  File \"C:\\Users\\user\\QA_Automation\\2023_Final_Project\\TRADO\\QA_WEB\\Pages\\upload_new_productQA_page.py\", line 58, in enter_all_inputs_filed\n    fields = self.inputs_fields()\n  File \"C:\\Users\\user\\QA_Automation\\2023_Final_Project\\venv\\lib\\site-packages\\allure_commons\\_allure.py\", line 192, in impl\n    return func(*a, **kw)\n  File \"C:\\Users\\user\\QA_Automation\\2023_Final_Project\\TRADO\\QA_WEB\\Pages\\upload_new_productQA_page.py\", line 40, in inputs_fields\n    utils.assertion(len(fields), 8)\n  File \"C:\\Users\\user\\QA_Automation\\2023_Final_Project\\venv\\lib\\site-packages\\allure_commons\\_allure.py\", line 192, in impl\n    return func(*a, **kw)\n  File \"C:\\Users\\user\\QA_Automation\\2023_Final_Project\\TRADO\\QA_WEB\\Utils\\utils_QA.py\", line 20, in assertion\n    raise AssertionError\n"}, "steps": [{"name": "inputs_fields", "status": "failed", "statusDetails": {"message": "AssertionError\n", "trace": "  File \"C:\\Users\\user\\QA_Automation\\2023_Final_Project\\venv\\lib\\site-packages\\allure_commons\\_allure.py\", line 192, in impl\n    return func(*a, **kw)\n  File \"C:\\Users\\user\\QA_Automation\\2023_Final_Project\\TRADO\\QA_WEB\\Pages\\upload_new_productQA_page.py\", line 40, in inputs_fields\n    utils.assertion(len(fields), 8)\n  File \"C:\\Users\\user\\QA_Automation\\2023_Final_Project\\venv\\lib\\site-packages\\allure_commons\\_allure.py\", line 192, in impl\n    return func(*a, **kw)\n  File \"C:\\Users\\user\\QA_Automation\\2023_Final_Project\\TRADO\\QA_WEB\\Utils\\utils_QA.py\", line 20, in assertion\n    raise AssertionError\n"}, "steps": [{"name": "assertion", "status": "failed", "statusDetails": {"message": "AssertionError\n", "trace": "  File \"C:\\Users\\user\\QA_Automation\\2023_Final_Project\\venv\\lib\\site-packages\\allure_commons\\_allure.py\", line 192, in impl\n    return func(*a, **kw)\n  File \"C:\\Users\\user\\QA_Automation\\2023_Final_Project\\TRADO\\QA_WEB\\Utils\\utils_QA.py\", line 20, in assertion\n    raise AssertionError\n"}, "attachments": [{"name": "screenShot", "source": "f5d60778-76c6-4176-90cf-493c6931cc07-attachment.png", "type": "image/png"}], "parameters": [{"name": "expected", "value": "6"}, {"name": "actual", "value": "8"}], "start": 1677105704908, "stop": 1677105705072}], "start": 1677105703888, "stop": 1677105705073}], "parameters": [{"name": "data", "value": "['1', 'Team2', '0147258367', 'team2@', 'team2.com', 'beersheva', 'nurit', '2']"}], "start": 1677105703888, "stop": 1677105705073}], "attachments": [{"name": "stdout", "source": "e6c2c7d5-2855-4434-9efb-09063dfaf1f7-attachment.txt", "type": "text/plain"}], "start": 1677105701707, "stop": 1677105705074, "uuid": "a48834cd-d063-4dde-87b8-7571b12cd67d", "historyId": "a5e9eae1aa38c473d1786b9dcaa103a9", "testCaseId": "e4e972c54895ac9c635032a3f7e69038", "fullName": "testQA_upload_new_product.Test_Upload_New_Product_not_having_store#test_upload_product_when_Email_is_Invalid_character11", "labels": [{"name": "severity", "value": "critical"}, {"name": "tag", "value": "@pytest.mark.usefixtures('Valid_Login_With_login_Code')"}, {"name": "suite", "value": "testQA_upload_new_product"}, {"name": "subSuite", "value": "Test_Upload_New_Product_not_having_store"}, {"name": "host", "value": "LAPTOP-42FB6NAB"}, {"name": "thread", "value": "27108-MainThread"}, {"name": "framework", "value": "pytest"}, {"name": "language", "value": "cpython3"}, {"name": "package", "value": "testQA_upload_new_product"}]}