{"name": "test_Validate_Search_existing_product_using_enter_S15", "status": "failed", "statusDetails": {"message": "AssertionError: assert '' == 'goats'\n  - goats", "trace": "self = <TRADO.QA_WEB.Tests.testQA_search.Test_Search_Chrome3 object at 0x000002384024EFB0>\n\n    @pytest.mark.sanity\n    @allure.description('Successfully search for an existing product using enter')\n    @allure.severity(allure.severity_level.CRITICAL)\n    def test_Validate_Search_existing_product_using_enter_S15(self):\n        driver = self.driver\n        Search = Search_Page(driver)\n        Search.Click_SearchBox()\n        Search.Enter_Search_product(\"goats\")\n        press('enter')\n        text = Search.Assert_Product_DisplayPage_displayed_Search_Item(path.SEARCH_BOX_XPATH)\n>       assert text == \"goats\"\nE       AssertionError: assert '' == 'goats'\nE         - goats\n\ntestQA_search.py:187: AssertionError"}, "description": "Successfully search for an existing product using enter", "steps": [{"name": "Click_SearchBox", "status": "passed", "start": 1677098218972, "stop": 1677098223064}, {"name": "Enter_Search_product", "status": "passed", "steps": [{"name": "assertion", "status": "passed", "parameters": [{"name": "expected", "value": "'goats'"}, {"name": "actual", "value": "'goats'"}], "start": 1677098225162, "stop": 1677098225163}], "parameters": [{"name": "ProductName", "value": "'goats'"}], "start": 1677098223064, "stop": 1677098225165}, {"name": "Assert_Product_DisplayPage_displayed_Search_Item", "status": "passed", "parameters": [{"name": "path", "value": "'/html[1]/body[1]/div[1]/div[1]/div[2]/header[1]/div[1]/div[1]/div[1]/span[1]/input[1]'"}], "start": 1677098225165, "stop": 1677098226187}], "attachments": [{"name": "stdout", "source": "db8b166c-8e7d-40bb-a168-32563e423171-attachment.txt", "type": "text/plain"}], "start": 1677098218972, "stop": 1677098226187, "uuid": "c2c23d93-2d77-4a9c-ba57-fef4704b1348", "historyId": "77baf1a2abbf8658e12303465108ff97", "testCaseId": "8540c1fefbd3026bcbb95d412b582a8e", "fullName": "testQA_search.Test_Search_Chrome3#test_Validate_Search_existing_product_using_enter_S15", "labels": [{"name": "severity", "value": "critical"}, {"name": "tag", "value": "sanity"}, {"name": "tag", "value": "@pytest.mark.usefixtures('WithOut_login_selectField_none')"}, {"name": "suite", "value": "testQA_search"}, {"name": "subSuite", "value": "Test_Search_Chrome3"}, {"name": "host", "value": "LAPTOP-42FB6NAB"}, {"name": "thread", "value": "4380-MainThread"}, {"name": "framework", "value": "pytest"}, {"name": "language", "value": "cpython3"}, {"name": "package", "value": "testQA_search"}]}