{"name": "test_Validate_Search_existing_product_using_enter_S05", "status": "failed", "statusDetails": {"message": "AssertionError: assert '' == 'goats'\n  - goats", "trace": "self = <TRADO.QA_WEB.Tests.testQA_search.Test_Search_Chrome object at 0x000002384024D990>\n\n    @pytest.mark.sanity\n    @allure.description('Successfully search for an existing product using enter')\n    @allure.severity(allure.severity_level.CRITICAL)\n    def test_Validate_Search_existing_product_using_enter_S05(self):\n        driver = self.driver\n        Search = Search_Page(driver)\n        Search.Click_SearchBox()\n        Search.Enter_Search_product(\"goats\")\n        press('enter')\n        text = Search.Assert_Product_DisplayPage_displayed_Search_Item(path.SEARCH_BOX_XPATH)\n>       assert text == \"goats\"\nE       AssertionError: assert '' == 'goats'\nE         - goats\n\ntestQA_search.py:71: AssertionError"}, "description": "Successfully search for an existing product using enter", "steps": [{"name": "Click_SearchBox", "status": "passed", "start": 1677097917721, "stop": 1677097921795}, {"name": "Enter_Search_product", "status": "passed", "steps": [{"name": "assertion", "status": "passed", "parameters": [{"name": "expected", "value": "'goats'"}, {"name": "actual", "value": "'goats'"}], "start": 1677097923903, "stop": 1677097923905}], "parameters": [{"name": "ProductName", "value": "'goats'"}], "start": 1677097921795, "stop": 1677097923905}, {"name": "Assert_Product_DisplayPage_displayed_Search_Item", "status": "passed", "parameters": [{"name": "path", "value": "'/html[1]/body[1]/div[1]/div[1]/div[2]/header[1]/div[1]/div[1]/div[1]/span[1]/input[1]'"}], "start": 1677097924018, "stop": 1677097925053}], "attachments": [{"name": "stdout", "source": "865597dc-52ca-4709-92b4-77a4ff22dd94-attachment.txt", "type": "text/plain"}], "start": 1677097917720, "stop": 1677097925053, "uuid": "f4052592-aee5-4a52-87fc-cbb6116f4f26", "historyId": "eb54fe3608dda7bd3207c88bbe717adf", "testCaseId": "706e8a28a49617eaae99ad8f02764a4c", "fullName": "testQA_search.Test_Search_Chrome#test_Validate_Search_existing_product_using_enter_S05", "labels": [{"name": "severity", "value": "critical"}, {"name": "tag", "value": "sanity"}, {"name": "tag", "value": "@pytest.mark.usefixtures('Valid_Login_With_login_Code')"}, {"name": "suite", "value": "testQA_search"}, {"name": "subSuite", "value": "Test_Search_Chrome"}, {"name": "host", "value": "LAPTOP-42FB6NAB"}, {"name": "thread", "value": "4380-MainThread"}, {"name": "framework", "value": "pytest"}, {"name": "language", "value": "cpython3"}, {"name": "package", "value": "testQA_search"}]}