{"name": "test_JoinUs_using_all_All_null_details", "status": "failed", "statusDetails": {"message": "AssertionError", "trace": "self = <TRADO.QA_WEB.Utils.utils_QA.Utils object at 0x000001315190F8E0>, expected = '', actual = 'נא למלא שדה זה'\n\n    @allure.step\n    @allure.description('This validation method, if the assert failed it will take screenshot')\n    def assertion(self, expected, actual):\n        driver = self.driver\n        try:\n>           assert expected == actual\nE           AssertionError\n\n..\\Utils\\utils_QA.py:15: AssertionError\n\nDuring handling of the above exception, another exception occurred:\n\nself = <TRADO.QA_WEB.Tests.testQA_Business_interface.TestQA_Business_Interface_Chrome1 object at 0x00000131518ED960>\n\n    @pytest.mark.sanity\n    @allure.description('Successfully Join using Valid input in all detail')\n    @allure.severity(allure.severity_level.NORMAL)\n    def test_JoinUs_using_all_All_null_details(self):\n        driver = self.driver\n        join = Business_Interface_Page(driver)\n        join.Click_Business_Interface_Box()\n        join.Click_send_button()\n        join.Click_send_button()\n        text = join.Assert_text(path.ERROR_FIRSTNAME_XPATH)\n>       Utils(driver).assertion(text, \"נא למלא שדה זה\")\n\ntestQA_Business_interface.py:55: \n_ _ _ _ _ _ _ _ _ _ _ _ _ _ _ _ _ _ _ _ _ _ _ _ _ _ _ _ _ _ _ _ _ _ _ _ _ _ _ _ _ _ _ _ _ _ _ _ _ _ _ _ _ _ _ _ _ _ _ _ _ _ _ _ _ _ _ _ _ _ _ _ _ _ _ _ _ _ _ _ _ _ _ _ _ _ _ _ _ _ _ _\n\nself = <TRADO.QA_WEB.Utils.utils_QA.Utils object at 0x000001315190F8E0>, expected = '', actual = 'נא למלא שדה זה'\n\n    @allure.step\n    @allure.description('This validation method, if the assert failed it will take screenshot')\n    def assertion(self, expected, actual):\n        driver = self.driver\n        try:\n            assert expected == actual\n            self.driver.implicitly_wait(1000)\n    \n        except AssertionError:\n            allure.attach(driver.get_screenshot_as_png(), name='screenShot',attachment_type=AttachmentType.PNG)\n>           raise AssertionError\nE           AssertionError\n\n..\\Utils\\utils_QA.py:20: AssertionError"}, "description": "Successfully Join using Valid input in all detail", "steps": [{"name": "Click_Business_Interface_Box", "status": "passed", "start": 1677091136205, "stop": 1677091137294}, {"name": "Click_send_button", "status": "passed", "start": 1677091137294, "stop": 1677091137386}, {"name": "Click_send_button", "status": "passed", "start": 1677091137387, "stop": 1677091137468}, {"name": "Assert_text", "status": "passed", "parameters": [{"name": "path", "value": "'/html[1]/body[1]/div[1]/div[1]/div[2]/div[2]/div[1]/div[2]/div[2]/form[1]/div[1]/div[1]/div[1]'"}], "start": 1677091137468, "stop": 1677091137497}, {"name": "assertion", "status": "failed", "statusDetails": {"message": "AssertionError\n", "trace": "  File \"C:\\Users\\user\\QA_Automation\\2023_Final_Project\\venv\\lib\\site-packages\\allure_commons\\_allure.py\", line 192, in impl\n    return func(*a, **kw)\n  File \"C:\\Users\\user\\QA_Automation\\2023_Final_Project\\TRADO\\QA_WEB\\Utils\\utils_QA.py\", line 20, in assertion\n    raise AssertionError\n"}, "attachments": [{"name": "screenShot", "source": "d404ad89-8f73-4a72-a760-76ccf02ce27e-attachment.png", "type": "image/png"}], "parameters": [{"name": "expected", "value": "''"}, {"name": "actual", "value": "'נא למלא שדה זה'"}], "start": 1677091137497, "stop": 1677091137766}], "attachments": [{"name": "stdout", "source": "9b018e56-c568-4858-88e3-3ed6a5a35013-attachment.txt", "type": "text/plain"}], "start": 1677091136204, "stop": 1677091137767, "uuid": "f1db3eb4-e8ce-408d-9441-239e2dbf8e12", "historyId": "4d4852cb24f4b9c0bd8ab150ed6749ae", "testCaseId": "05bba5fe745001c00fdabab1bb3a475d", "fullName": "testQA_Business_interface.TestQA_Business_Interface_Chrome1#test_JoinUs_using_all_All_null_details", "labels": [{"name": "severity", "value": "normal"}, {"name": "tag", "value": "sanity"}, {"name": "tag", "value": "@pytest.mark.usefixtures('Valid_Login_With_login_Code')"}, {"name": "suite", "value": "testQA_Business_interface"}, {"name": "subSuite", "value": "TestQA_Business_Interface_Chrome1"}, {"name": "host", "value": "LAPTOP-42FB6NAB"}, {"name": "thread", "value": "20332-MainThread"}, {"name": "framework", "value": "pytest"}, {"name": "language", "value": "cpython3"}, {"name": "package", "value": "testQA_Business_interface"}]}