{"name": "test_snack_product_Add_To_Cart_NL_48", "status": "failed", "statusDetails": {"message": "AssertionError", "trace": "self = <TRADO.QA_WEB.Utils.utils_QA.Utils object at 0x0000015300A06BF0>, expected = 'Goats', actual = 'goats'\n\n    @allure.step\n    @allure.description('This validation method, if the assert failed it will take screenshot')\n    def assertion(self, expected, actual):\n        driver = self.driver\n        try:\n>           assert expected == actual\nE           AssertionError\n\n..\\Utils\\utils_QA.py:15: AssertionError\n\nDuring handling of the above exception, another exception occurred:\n\nself = <TRADO.QA_WEB.Tests.testQA_Product.Test_Snack_Product08 object at 0x000001537FD0A6E0>\n\n    @pytest.mark.sanity\n    @allure.description('Click \" +  TO CART PRODUCTS\" IN SNACK ')\n    @allure.severity(allure.severity_level.CRITICAL)\n    def test_snack_product_Add_To_Cart_NL_48(self):\n        driver = self.driver\n        SNACK = Product_page(driver)\n        SNACK.Click_snack_link()\n        SNACK.Click_goat_product()\n        SNACK.Click_plus_button(2)\n        Text1 = SNACK.Assert_text(path.ADDED_PRODUCT_NAME)\n        Text2 = SNACK.Assert_text(path.DISPLAY_NAME_TITLE)\n>       Utils(driver).assertion(Text2, Text1)\n\ntestQA_Product.py:634: \n_ _ _ _ _ _ _ _ _ _ _ _ _ _ _ _ _ _ _ _ _ _ _ _ _ _ _ _ _ _ _ _ _ _ _ _ _ _ _ _ _ _ _ _ _ _ _ _ _ _ _ _ _ _ _ _ _ _ _ _ _ _ _ _ _ _ _ _ _ _ _ _ _ _ _ _ _ _ _ _ _ _ _ _ _ _ _ _ _ _ _ _\n\nself = <TRADO.QA_WEB.Utils.utils_QA.Utils object at 0x0000015300A06BF0>, expected = 'Goats', actual = 'goats'\n\n    @allure.step\n    @allure.description('This validation method, if the assert failed it will take screenshot')\n    def assertion(self, expected, actual):\n        driver = self.driver\n        try:\n            assert expected == actual\n            self.driver.implicitly_wait(1000)\n    \n        except AssertionError:\n            allure.attach(driver.get_screenshot_as_png(), name='screenShot',attachment_type=AttachmentType.PNG)\n>           raise AssertionError\nE           AssertionError\n\n..\\Utils\\utils_QA.py:20: AssertionError"}, "description": "Click \" +  TO CART PRODUCTS\" IN SNACK ", "steps": [{"name": "Click_snack_link", "status": "passed", "start": 1677106609847, "stop": 1677106610940}, {"name": "Click_goat_product", "status": "passed", "start": 1677106610940, "stop": 1677106613039}, {"name": "Click_plus_button", "status": "passed", "parameters": [{"name": "num", "value": "2"}], "start": 1677106613039, "stop": 1677106614132}, {"name": "Assert_text", "status": "passed", "parameters": [{"name": "path", "value": "'/html/body/div[1]/div/div[2]/div[2]/div/div/div[2]/div/div[2]/div[1]/div[2]/div/a/div/div[2]/div[1] '"}], "start": 1677106614132, "stop": 1677106614223}, {"name": "Assert_text", "status": "passed", "parameters": [{"name": "path", "value": "'/html/body/div[1]/div/div[2]/div[2]/div/div/div[2]/div/div[1]/div[1]/div/div[1]/div[2]/div[1]/h1'"}], "start": 1677106614223, "stop": 1677106614247}, {"name": "assertion", "status": "failed", "statusDetails": {"message": "AssertionError\n", "trace": "  File \"C:\\Users\\user\\QA_Automation\\2023_Final_Project\\venv\\lib\\site-packages\\allure_commons\\_allure.py\", line 192, in impl\n    return func(*a, **kw)\n  File \"C:\\Users\\user\\QA_Automation\\2023_Final_Project\\TRADO\\QA_WEB\\Utils\\utils_QA.py\", line 20, in assertion\n    raise AssertionError\n"}, "attachments": [{"name": "screenShot", "source": "b3042e4f-dbc2-4099-ad0c-4cc1ceadde52-attachment.png", "type": "image/png"}], "parameters": [{"name": "expected", "value": "'Goats'"}, {"name": "actual", "value": "'goats'"}], "start": 1677106614247, "stop": 1677106614381}], "attachments": [{"name": "stdout", "source": "69bb7dad-1e90-49ef-b0a4-bdb0378adb9c-attachment.txt", "type": "text/plain"}], "start": 1677106609847, "stop": 1677106614382, "uuid": "c70494fa-a9d9-4896-883d-fa5d1f93b012", "historyId": "e5c7288d31eebab5be42aa51ce0806de", "testCaseId": "ccc9b312b7525d3c48eff7c60d8ab293", "fullName": "testQA_Product.Test_Snack_Product08#test_snack_product_Add_To_Cart_NL_48", "labels": [{"name": "severity", "value": "critical"}, {"name": "tag", "value": "sanity"}, {"name": "tag", "value": "@pytest.mark.usefixtures('WithOut_login_selectField_restaurant_and_cocktails')"}, {"name": "suite", "value": "testQA_Product"}, {"name": "subSuite", "value": "Test_Snack_Product08"}, {"name": "host", "value": "LAPTOP-42FB6NAB"}, {"name": "thread", "value": "23708-MainThread"}, {"name": "framework", "value": "pytest"}, {"name": "language", "value": "cpython3"}, {"name": "package", "value": "testQA_Product"}]}