{"name": "test_valid_input_delivery_required_fields", "status": "failed", "statusDetails": {"message": "AssertionError", "trace": "self = <TRADO.ADMIN_WEB.Utils.utils_Admin.Utils object at 0x000001DED8E891E0>, expected = 100, actual = '100'\n\n    @allure.step\n    @allure.description('This validation method, if the assert failed it will take screenshot')\n    def assertion(self, expected, actual):\n        driver = self.driver\n        try:\n>           assert expected == actual\nE           AssertionError\n\n..\\Utils\\utils_Admin.py:15: AssertionError\n\nDuring handling of the above exception, another exception occurred:\n\nself = <TRADO.ADMIN_WEB.Tests.test_Admin_product.Test_product_Chrome1 object at 0x000001DED83E9150>\n\n    @pytest.mark.sanity\n    @allure.description('Enter a data for requierd fields in product delivery paga if any..')\n    @allure.severity(allure.severity_level.NORMAL)\n    def test_valid_input_delivery_required_fields(self):\n        driver = self.driver\n        production = Product_Page(driver)\n        production.click_on_product_sidebar()\n        production.click_kebab_buttons()\n        production.click_plusProduct_buttons()\n        production.enter_barcode_fields(\"123456\")\n        production.enter_name_fields(\"Arekie\")\n        production.enter_price_fields(\"200\")\n        production.click_next_product_buttons()\n        production.click_drope_down_section_button()\n        production.select_sections_from_given()\n        production.click_department_button()\n        production.click_drope_down_productTag_button()\n        production.select_product_tag_given()\n        production.click_drope_down_store_button()\n        production.select_store_from_given()\n        production.click_next_productInfo_buttons()\n>       production.enter_amount_fields(100)\n\ntest_Admin_product.py:347: \n_ _ _ _ _ _ _ _ _ _ _ _ _ _ _ _ _ _ _ _ _ _ _ _ _ _ _ _ _ _ _ _ _ _ _ _ _ _ _ _ _ _ _ _ _ _ _ _ _ _ _ _ _ _ _ _ _ _ _ _ _ _ _ _ _ _ _ _ _ _ _ _ _ _ _ _ _ _ _ _ _ _ _ _ _ _ _ _ _ _ _ _\n..\\Pages\\productAdmin_page.py:184: in enter_amount_fields\n    Utils(self.driver).assertion(Amount, Amount_input.get_attribute('value'))\n_ _ _ _ _ _ _ _ _ _ _ _ _ _ _ _ _ _ _ _ _ _ _ _ _ _ _ _ _ _ _ _ _ _ _ _ _ _ _ _ _ _ _ _ _ _ _ _ _ _ _ _ _ _ _ _ _ _ _ _ _ _ _ _ _ _ _ _ _ _ _ _ _ _ _ _ _ _ _ _ _ _ _ _ _ _ _ _ _ _ _ _\n\nself = <TRADO.ADMIN_WEB.Utils.utils_Admin.Utils object at 0x000001DED8E891E0>, expected = 100, actual = '100'\n\n    @allure.step\n    @allure.description('This validation method, if the assert failed it will take screenshot')\n    def assertion(self, expected, actual):\n        driver = self.driver\n        try:\n            assert expected == actual\n            self.driver.implicitly_wait(1000)\n        except AssertionError:\n            allure.attach(driver.get_screenshot_as_png(), name='screenShot',attachment_type=AttachmentType.PNG)\n>           raise AssertionError\nE           AssertionError\n\n..\\Utils\\utils_Admin.py:19: AssertionError"}, "description": "Enter a data for requierd fields in product delivery paga if any..", "steps": [{"name": "click_on_product_sidebar", "status": "passed", "start": 1677006396425, "stop": 1677006398521}, {"name": "click_kebab_buttons", "status": "passed", "start": 1677006398521, "stop": 1677006400624}, {"name": "click_plusProduct_buttons", "status": "passed", "start": 1677006400624, "stop": 1677006402751}, {"name": "enter_barcode_fields", "status": "passed", "steps": [{"name": "assertion", "status": "passed", "parameters": [{"name": "expected", "value": "'123456'"}, {"name": "actual", "value": "'123456'"}], "start": 1677006404926, "stop": 1677006404930}], "parameters": [{"name": "Barcode", "value": "'123456'"}], "start": 1677006402752, "stop": 1677006404930}, {"name": "enter_name_fields", "status": "passed", "steps": [{"name": "assertion", "status": "passed", "parameters": [{"name": "expected", "value": "'Arekie'"}, {"name": "actual", "value": "'Arekie'"}], "start": 1677006407084, "stop": 1677006407088}], "parameters": [{"name": "Name", "value": "'Arekie'"}], "start": 1677006404931, "stop": 1677006407088}, {"name": "enter_price_fields", "status": "passed", "steps": [{"name": "assertion", "status": "passed", "parameters": [{"name": "expected", "value": "'200'"}, {"name": "actual", "value": "'200'"}], "start": 1677006409233, "stop": 1677006409237}], "parameters": [{"name": "Price", "value": "'200'"}], "start": 1677006407088, "stop": 1677006409237}, {"name": "click_next_product_buttons", "status": "passed", "start": 1677006409237, "stop": 1677006411375}, {"name": "click_drope_down_section_button", "status": "passed", "start": 1677006411376, "stop": 1677006413479}, {"name": "select_sections_from_given", "status": "passed", "start": 1677006413479, "stop": 1677006415578}, {"name": "click_department_button", "status": "passed", "start": 1677006415578, "stop": 1677006417658}, {"name": "click_drope_down_productTag_button", "status": "passed", "start": 1677006417658, "stop": 1677006419753}, {"name": "select_product_tag_given", "status": "passed", "start": 1677006419753, "stop": 1677006421853}, {"name": "click_drope_down_store_button", "status": "passed", "start": 1677006421853, "stop": 1677006423980}, {"name": "select_store_from_given", "status": "passed", "start": 1677006423980, "stop": 1677006426077}, {"name": "click_next_productInfo_buttons", "status": "passed", "start": 1677006426078, "stop": 1677006428164}, {"name": "enter_amount_fields", "status": "failed", "statusDetails": {"message": "AssertionError\n", "trace": "  File \"C:\\Users\\user\\QA_Automation\\2023_Final_Project\\venv\\lib\\site-packages\\allure_commons\\_allure.py\", line 192, in impl\n    return func(*a, **kw)\n  File \"C:\\Users\\user\\QA_Automation\\2023_Final_Project\\TRADO\\ADMIN_WEB\\Pages\\productAdmin_page.py\", line 184, in enter_amount_fields\n    Utils(self.driver).assertion(Amount, Amount_input.get_attribute('value'))\n  File \"C:\\Users\\user\\QA_Automation\\2023_Final_Project\\venv\\lib\\site-packages\\allure_commons\\_allure.py\", line 192, in impl\n    return func(*a, **kw)\n  File \"C:\\Users\\user\\QA_Automation\\2023_Final_Project\\TRADO\\ADMIN_WEB\\Utils\\utils_Admin.py\", line 19, in assertion\n    raise AssertionError\n"}, "steps": [{"name": "assertion", "status": "failed", "statusDetails": {"message": "AssertionError\n", "trace": "  File \"C:\\Users\\user\\QA_Automation\\2023_Final_Project\\venv\\lib\\site-packages\\allure_commons\\_allure.py\", line 192, in impl\n    return func(*a, **kw)\n  File \"C:\\Users\\user\\QA_Automation\\2023_Final_Project\\TRADO\\ADMIN_WEB\\Utils\\utils_Admin.py\", line 19, in assertion\n    raise AssertionError\n"}, "attachments": [{"name": "screenShot", "source": "4d0cc21c-0304-4532-a9bd-d62bbf7d10ce-attachment.png", "type": "image/png"}], "parameters": [{"name": "expected", "value": "100"}, {"name": "actual", "value": "'100'"}], "start": 1677006429323, "stop": 1677006429528}], "parameters": [{"name": "Amount", "value": "100"}], "start": 1677006428164, "stop": 1677006429528}], "attachments": [{"name": "stdout", "source": "5c5362fc-2cf4-493c-b4dd-1cee8775c197-attachment.txt", "type": "text/plain"}], "start": 1677006396424, "stop": 1677006429529, "uuid": "8d0ea073-22d0-45c6-a6e5-a02d9833842c", "historyId": "fd1eabe5058e25aa8b69a61dab6cc6c3", "testCaseId": "92da25ea480647b3a51f193cfc7eda22", "fullName": "test_Admin_product.Test_product_Chrome1#test_valid_input_delivery_required_fields", "labels": [{"name": "severity", "value": "normal"}, {"name": "tag", "value": "sanity"}, {"name": "tag", "value": "@pytest.mark.usefixtures('Valid_Login_to_Admin_homePage_With_Chrome_Valid_data_and_Trado_store')"}, {"name": "suite", "value": "test_Admin_product"}, {"name": "subSuite", "value": "Test_product_Chrome1"}, {"name": "host", "value": "LAPTOP-42FB6NAB"}, {"name": "thread", "value": "7280-MainThread"}, {"name": "framework", "value": "pytest"}, {"name": "language", "value": "cpython3"}, {"name": "package", "value": "test_Admin_product"}]}