{"name": "test_with_amount_and_minus_order_required_fields", "status": "failed", "statusDetails": {"message": "AssertionError", "trace": "self = <TRADO.ADMIN_WEB.Utils.utils_Admin.Utils object at 0x000001DED861DF60>, expected = 100, actual = '100'\n\n    @allure.step\n    @allure.description('This validation method, if the assert failed it will take screenshot')\n    def assertion(self, expected, actual):\n        driver = self.driver\n        try:\n>           assert expected == actual\nE           AssertionError\n\n..\\Utils\\utils_Admin.py:15: AssertionError\n\nDuring handling of the above exception, another exception occurred:\n\nself = <TRADO.ADMIN_WEB.Tests.test_Admin_product.Test_product_Chrome1 object at 0x000001DED83E8C40>\n\n    @pytest.mark.sanity\n    @allure.description('Enter a data onliy \"AMOUNT AND MIN ORDER \" for requierd fields in product unit paga if any..')\n    @allure.severity(allure.severity_level.NORMAL)\n    def test_with_amount_and_minus_order_required_fields(self):\n        driver = self.driver\n        production = Product_Page(driver)\n        production.click_on_product_sidebar()\n        production.click_kebab_buttons()\n        production.click_plusProduct_buttons()\n        production.enter_barcode_fields(\"123456\")\n        production.enter_name_fields(\"Arekie\")\n        production.enter_price_fields(\"200\")\n        production.click_next_product_buttons()\n        production.click_drope_down_section_button()\n        production.select_sections_from_given()\n        production.click_department_button()\n        production.click_drope_down_productTag_button()\n        production.select_product_tag_given()\n        production.click_drope_down_store_button()\n        production.select_store_from_given()\n        production.click_next_productInfo_buttons()\n>       production.enter_amount_fields(100)\n\ntest_Admin_product.py:259: \n_ _ _ _ _ _ _ _ _ _ _ _ _ _ _ _ _ _ _ _ _ _ _ _ _ _ _ _ _ _ _ _ _ _ _ _ _ _ _ _ _ _ _ _ _ _ _ _ _ _ _ _ _ _ _ _ _ _ _ _ _ _ _ _ _ _ _ _ _ _ _ _ _ _ _ _ _ _ _ _ _ _ _ _ _ _ _ _ _ _ _ _\n..\\Pages\\productAdmin_page.py:184: in enter_amount_fields\n    Utils(self.driver).assertion(Amount, Amount_input.get_attribute('value'))\n_ _ _ _ _ _ _ _ _ _ _ _ _ _ _ _ _ _ _ _ _ _ _ _ _ _ _ _ _ _ _ _ _ _ _ _ _ _ _ _ _ _ _ _ _ _ _ _ _ _ _ _ _ _ _ _ _ _ _ _ _ _ _ _ _ _ _ _ _ _ _ _ _ _ _ _ _ _ _ _ _ _ _ _ _ _ _ _ _ _ _ _\n\nself = <TRADO.ADMIN_WEB.Utils.utils_Admin.Utils object at 0x000001DED861DF60>, expected = 100, actual = '100'\n\n    @allure.step\n    @allure.description('This validation method, if the assert failed it will take screenshot')\n    def assertion(self, expected, actual):\n        driver = self.driver\n        try:\n            assert expected == actual\n            self.driver.implicitly_wait(1000)\n        except AssertionError:\n            allure.attach(driver.get_screenshot_as_png(), name='screenShot',attachment_type=AttachmentType.PNG)\n>           raise AssertionError\nE           AssertionError\n\n..\\Utils\\utils_Admin.py:19: AssertionError"}, "description": "Enter a data onliy \"AMOUNT AND MIN ORDER \" for requierd fields in product unit paga if any..", "steps": [{"name": "click_on_product_sidebar", "status": "passed", "start": 1677006210405, "stop": 1677006212514}, {"name": "click_kebab_buttons", "status": "passed", "start": 1677006212515, "stop": 1677006214618}, {"name": "click_plusProduct_buttons", "status": "passed", "start": 1677006214618, "stop": 1677006216759}, {"name": "enter_barcode_fields", "status": "passed", "steps": [{"name": "assertion", "status": "passed", "parameters": [{"name": "expected", "value": "'123456'"}, {"name": "actual", "value": "'123456'"}], "start": 1677006218927, "stop": 1677006218930}], "parameters": [{"name": "Barcode", "value": "'123456'"}], "start": 1677006216759, "stop": 1677006218930}, {"name": "enter_name_fields", "status": "passed", "steps": [{"name": "assertion", "status": "passed", "parameters": [{"name": "expected", "value": "'Arekie'"}, {"name": "actual", "value": "'Arekie'"}], "start": 1677006221078, "stop": 1677006221081}], "parameters": [{"name": "Name", "value": "'Arekie'"}], "start": 1677006218930, "stop": 1677006221081}, {"name": "enter_price_fields", "status": "passed", "steps": [{"name": "assertion", "status": "passed", "parameters": [{"name": "expected", "value": "'200'"}, {"name": "actual", "value": "'200'"}], "start": 1677006223222, "stop": 1677006223225}], "parameters": [{"name": "Price", "value": "'200'"}], "start": 1677006221082, "stop": 1677006223225}, {"name": "click_next_product_buttons", "status": "passed", "start": 1677006223226, "stop": 1677006225358}, {"name": "click_drope_down_section_button", "status": "passed", "start": 1677006225360, "stop": 1677006227456}, {"name": "select_sections_from_given", "status": "passed", "start": 1677006227456, "stop": 1677006229546}, {"name": "click_department_button", "status": "passed", "start": 1677006229546, "stop": 1677006231653}, {"name": "click_drope_down_productTag_button", "status": "passed", "start": 1677006231653, "stop": 1677006233749}, {"name": "select_product_tag_given", "status": "passed", "start": 1677006233750, "stop": 1677006235849}, {"name": "click_drope_down_store_button", "status": "passed", "start": 1677006235850, "stop": 1677006237990}, {"name": "select_store_from_given", "status": "passed", "start": 1677006237991, "stop": 1677006240086}, {"name": "click_next_productInfo_buttons", "status": "passed", "start": 1677006240087, "stop": 1677006242159}, {"name": "enter_amount_fields", "status": "failed", "statusDetails": {"message": "AssertionError\n", "trace": "  File \"C:\\Users\\user\\QA_Automation\\2023_Final_Project\\venv\\lib\\site-packages\\allure_commons\\_allure.py\", line 192, in impl\n    return func(*a, **kw)\n  File \"C:\\Users\\user\\QA_Automation\\2023_Final_Project\\TRADO\\ADMIN_WEB\\Pages\\productAdmin_page.py\", line 184, in enter_amount_fields\n    Utils(self.driver).assertion(Amount, Amount_input.get_attribute('value'))\n  File \"C:\\Users\\user\\QA_Automation\\2023_Final_Project\\venv\\lib\\site-packages\\allure_commons\\_allure.py\", line 192, in impl\n    return func(*a, **kw)\n  File \"C:\\Users\\user\\QA_Automation\\2023_Final_Project\\TRADO\\ADMIN_WEB\\Utils\\utils_Admin.py\", line 19, in assertion\n    raise AssertionError\n"}, "steps": [{"name": "assertion", "status": "failed", "statusDetails": {"message": "AssertionError\n", "trace": "  File \"C:\\Users\\user\\QA_Automation\\2023_Final_Project\\venv\\lib\\site-packages\\allure_commons\\_allure.py\", line 192, in impl\n    return func(*a, **kw)\n  File \"C:\\Users\\user\\QA_Automation\\2023_Final_Project\\TRADO\\ADMIN_WEB\\Utils\\utils_Admin.py\", line 19, in assertion\n    raise AssertionError\n"}, "attachments": [{"name": "screenShot", "source": "ae6fa0ec-6a95-46ab-967a-a5ea7caca113-attachment.png", "type": "image/png"}], "parameters": [{"name": "expected", "value": "100"}, {"name": "actual", "value": "'100'"}], "start": 1677006243317, "stop": 1677006243492}], "parameters": [{"name": "Amount", "value": "100"}], "start": 1677006242160, "stop": 1677006243493}], "attachments": [{"name": "stdout", "source": "0e832105-4ef0-4682-98d9-d4b2ffe7ff60-attachment.txt", "type": "text/plain"}], "start": 1677006210404, "stop": 1677006243494, "uuid": "b1ec29a3-393c-413d-88a1-f03aa2d01b8c", "historyId": "09ea77c3e0568e1ddeed2b9500995aa0", "testCaseId": "3d589e2924205cabd4a89ebdf266a7d7", "fullName": "test_Admin_product.Test_product_Chrome1#test_with_amount_and_minus_order_required_fields", "labels": [{"name": "severity", "value": "normal"}, {"name": "tag", "value": "sanity"}, {"name": "tag", "value": "@pytest.mark.usefixtures('Valid_Login_to_Admin_homePage_With_Chrome_Valid_data_and_Trado_store')"}, {"name": "suite", "value": "test_Admin_product"}, {"name": "subSuite", "value": "Test_product_Chrome1"}, {"name": "host", "value": "LAPTOP-42FB6NAB"}, {"name": "thread", "value": "7280-MainThread"}, {"name": "framework", "value": "pytest"}, {"name": "language", "value": "cpython3"}, {"name": "package", "value": "test_Admin_product"}]}