{"name": "test_only_null_required_fields", "status": "failed", "statusDetails": {"message": "AssertionError", "trace": "self = <TRADO.ADMIN_WEB.Utils.utils_Admin.Utils object at 0x000001DED8EB5FC0>, expected = 100, actual = '100'\n\n    @allure.step\n    @allure.description('This validation method, if the assert failed it will take screenshot')\n    def assertion(self, expected, actual):\n        driver = self.driver\n        try:\n>           assert expected == actual\nE           AssertionError\n\n..\\Utils\\utils_Admin.py:15: AssertionError\n\nDuring handling of the above exception, another exception occurred:\n\nself = <TRADO.ADMIN_WEB.Tests.test_Admin_product.Test_product_Chrome1 object at 0x000001DED83E9660>\n\n    @pytest.mark.sanity\n    @allure.description('Enter a NULL INPUT  for requeired fields in product delivery paga if any..')\n    @allure.severity(allure.severity_level.NORMAL)\n    def test_only_null_required_fields(self):\n        driver = self.driver\n        production = Product_Page(driver)\n        production.click_on_product_sidebar()\n        production.click_kebab_buttons()\n        production.click_plusProduct_buttons()\n        production.enter_barcode_fields(\"123456\")\n        production.enter_name_fields(\"Arekie\")\n        production.enter_price_fields(\"200\")\n        production.click_next_product_buttons()\n        production.click_drope_down_section_button()\n        production.select_sections_from_given()\n        production.click_department_button()\n        production.click_drope_down_productTag_button()\n        production.select_product_tag_given()\n        production.click_drope_down_store_button()\n        production.select_store_from_given()\n        production.click_next_productInfo_buttons()\n>       production.enter_amount_fields(100)\n\ntest_Admin_product.py:443: \n_ _ _ _ _ _ _ _ _ _ _ _ _ _ _ _ _ _ _ _ _ _ _ _ _ _ _ _ _ _ _ _ _ _ _ _ _ _ _ _ _ _ _ _ _ _ _ _ _ _ _ _ _ _ _ _ _ _ _ _ _ _ _ _ _ _ _ _ _ _ _ _ _ _ _ _ _ _ _ _ _ _ _ _ _ _ _ _ _ _ _ _\n..\\Pages\\productAdmin_page.py:184: in enter_amount_fields\n    Utils(self.driver).assertion(Amount, Amount_input.get_attribute('value'))\n_ _ _ _ _ _ _ _ _ _ _ _ _ _ _ _ _ _ _ _ _ _ _ _ _ _ _ _ _ _ _ _ _ _ _ _ _ _ _ _ _ _ _ _ _ _ _ _ _ _ _ _ _ _ _ _ _ _ _ _ _ _ _ _ _ _ _ _ _ _ _ _ _ _ _ _ _ _ _ _ _ _ _ _ _ _ _ _ _ _ _ _\n\nself = <TRADO.ADMIN_WEB.Utils.utils_Admin.Utils object at 0x000001DED8EB5FC0>, expected = 100, actual = '100'\n\n    @allure.step\n    @allure.description('This validation method, if the assert failed it will take screenshot')\n    def assertion(self, expected, actual):\n        driver = self.driver\n        try:\n            assert expected == actual\n            self.driver.implicitly_wait(1000)\n        except AssertionError:\n            allure.attach(driver.get_screenshot_as_png(), name='screenShot',attachment_type=AttachmentType.PNG)\n>           raise AssertionError\nE           AssertionError\n\n..\\Utils\\utils_Admin.py:19: AssertionError"}, "description": "Enter a NULL INPUT  for requeired fields in product delivery paga if any..", "steps": [{"name": "click_on_product_sidebar", "status": "passed", "start": 1677006572841, "stop": 1677006574960}, {"name": "click_kebab_buttons", "status": "passed", "start": 1677006574960, "stop": 1677006577067}, {"name": "click_plusProduct_buttons", "status": "passed", "start": 1677006577067, "stop": 1677006579197}, {"name": "enter_barcode_fields", "status": "passed", "steps": [{"name": "assertion", "status": "passed", "parameters": [{"name": "expected", "value": "'123456'"}, {"name": "actual", "value": "'123456'"}], "start": 1677006581368, "stop": 1677006581371}], "parameters": [{"name": "Barcode", "value": "'123456'"}], "start": 1677006579197, "stop": 1677006581371}, {"name": "enter_name_fields", "status": "passed", "steps": [{"name": "assertion", "status": "passed", "parameters": [{"name": "expected", "value": "'Arekie'"}, {"name": "actual", "value": "'Arekie'"}], "start": 1677006583537, "stop": 1677006583540}], "parameters": [{"name": "Name", "value": "'Arekie'"}], "start": 1677006581371, "stop": 1677006583540}, {"name": "enter_price_fields", "status": "passed", "steps": [{"name": "assertion", "status": "passed", "parameters": [{"name": "expected", "value": "'200'"}, {"name": "actual", "value": "'200'"}], "start": 1677006585676, "stop": 1677006585680}], "parameters": [{"name": "Price", "value": "'200'"}], "start": 1677006583541, "stop": 1677006585680}, {"name": "click_next_product_buttons", "status": "passed", "start": 1677006585680, "stop": 1677006587795}, {"name": "click_drope_down_section_button", "status": "passed", "start": 1677006587795, "stop": 1677006589901}, {"name": "select_sections_from_given", "status": "passed", "start": 1677006589901, "stop": 1677006592006}, {"name": "click_department_button", "status": "passed", "start": 1677006592006, "stop": 1677006594094}, {"name": "click_drope_down_productTag_button", "status": "passed", "start": 1677006594094, "stop": 1677006596206}, {"name": "select_product_tag_given", "status": "passed", "start": 1677006596206, "stop": 1677006598310}, {"name": "click_drope_down_store_button", "status": "passed", "start": 1677006598310, "stop": 1677006600413}, {"name": "select_store_from_given", "status": "passed", "start": 1677006600414, "stop": 1677006602510}, {"name": "click_next_productInfo_buttons", "status": "passed", "start": 1677006602510, "stop": 1677006604611}, {"name": "enter_amount_fields", "status": "failed", "statusDetails": {"message": "AssertionError\n", "trace": "  File \"C:\\Users\\user\\QA_Automation\\2023_Final_Project\\venv\\lib\\site-packages\\allure_commons\\_allure.py\", line 192, in impl\n    return func(*a, **kw)\n  File \"C:\\Users\\user\\QA_Automation\\2023_Final_Project\\TRADO\\ADMIN_WEB\\Pages\\productAdmin_page.py\", line 184, in enter_amount_fields\n    Utils(self.driver).assertion(Amount, Amount_input.get_attribute('value'))\n  File \"C:\\Users\\user\\QA_Automation\\2023_Final_Project\\venv\\lib\\site-packages\\allure_commons\\_allure.py\", line 192, in impl\n    return func(*a, **kw)\n  File \"C:\\Users\\user\\QA_Automation\\2023_Final_Project\\TRADO\\ADMIN_WEB\\Utils\\utils_Admin.py\", line 19, in assertion\n    raise AssertionError\n"}, "steps": [{"name": "assertion", "status": "failed", "statusDetails": {"message": "AssertionError\n", "trace": "  File \"C:\\Users\\user\\QA_Automation\\2023_Final_Project\\venv\\lib\\site-packages\\allure_commons\\_allure.py\", line 192, in impl\n    return func(*a, **kw)\n  File \"C:\\Users\\user\\QA_Automation\\2023_Final_Project\\TRADO\\ADMIN_WEB\\Utils\\utils_Admin.py\", line 19, in assertion\n    raise AssertionError\n"}, "attachments": [{"name": "screenShot", "source": "908f068d-6580-4d82-881b-ce639eb20465-attachment.png", "type": "image/png"}], "parameters": [{"name": "expected", "value": "100"}, {"name": "actual", "value": "'100'"}], "start": 1677006605759, "stop": 1677006605991}], "parameters": [{"name": "Amount", "value": "100"}], "start": 1677006604611, "stop": 1677006605991}], "attachments": [{"name": "stdout", "source": "71e009a1-2d8b-4dd1-944f-426cb14b6cbb-attachment.txt", "type": "text/plain"}], "start": 1677006572841, "stop": 1677006605993, "uuid": "ec7a8a0d-b504-49cc-a62f-a1e179d7e332", "historyId": "d45b49af88bd1606ec52d8499fe68358", "testCaseId": "651e11c91e9aaeba7e6318fafd3f3714", "fullName": "test_Admin_product.Test_product_Chrome1#test_only_null_required_fields", "labels": [{"name": "severity", "value": "normal"}, {"name": "tag", "value": "sanity"}, {"name": "tag", "value": "@pytest.mark.usefixtures('Valid_Login_to_Admin_homePage_With_Chrome_Valid_data_and_Trado_store')"}, {"name": "suite", "value": "test_Admin_product"}, {"name": "subSuite", "value": "Test_product_Chrome1"}, {"name": "host", "value": "LAPTOP-42FB6NAB"}, {"name": "thread", "value": "7280-MainThread"}, {"name": "framework", "value": "pytest"}, {"name": "language", "value": "cpython3"}, {"name": "package", "value": "test_Admin_product"}]}