{"name": "test_valid_input_unit_required_fields", "status": "failed", "statusDetails": {"message": "AssertionError", "trace": "self = <TRADO.ADMIN_WEB.Utils.utils_Admin.Utils object at 0x000001DED83E87F0>, expected = 100, actual = '100'\n\n    @allure.step\n    @allure.description('This validation method, if the assert failed it will take screenshot')\n    def assertion(self, expected, actual):\n        driver = self.driver\n        try:\n>           assert expected == actual\nE           AssertionError\n\n..\\Utils\\utils_Admin.py:15: AssertionError\n\nDuring handling of the above exception, another exception occurred:\n\nself = <TRADO.ADMIN_WEB.Tests.test_Admin_product.Test_product_Chrome1 object at 0x000001DED83E8A90>\n\n    @pytest.mark.sanity\n    @allure.description('Enter a data for requierd fields in product unit paga if any..')\n    @allure.severity(allure.severity_level.NORMAL)\n    def test_valid_input_unit_required_fields(self):\n        driver = self.driver\n        production = Product_Page(driver)\n        production.click_on_product_sidebar()\n        production.click_kebab_buttons()\n        production.click_plusProduct_buttons()\n        production.enter_barcode_fields(\"123456\")\n        production.enter_name_fields(\"Arekie\")\n        production.enter_price_fields(\"200\")\n        production.click_next_product_buttons()\n        production.click_drope_down_section_button()\n        production.select_sections_from_given()\n        production.click_department_button()\n        production.click_drope_down_productTag_button()\n        production.select_product_tag_given()\n        production.click_drope_down_store_button()\n        production.select_store_from_given()\n        production.click_next_productInfo_buttons()\n>       production.enter_amount_fields(100)\n\ntest_Admin_product.py:230: \n_ _ _ _ _ _ _ _ _ _ _ _ _ _ _ _ _ _ _ _ _ _ _ _ _ _ _ _ _ _ _ _ _ _ _ _ _ _ _ _ _ _ _ _ _ _ _ _ _ _ _ _ _ _ _ _ _ _ _ _ _ _ _ _ _ _ _ _ _ _ _ _ _ _ _ _ _ _ _ _ _ _ _ _ _ _ _ _ _ _ _ _\n..\\Pages\\productAdmin_page.py:184: in enter_amount_fields\n    Utils(self.driver).assertion(Amount, Amount_input.get_attribute('value'))\n_ _ _ _ _ _ _ _ _ _ _ _ _ _ _ _ _ _ _ _ _ _ _ _ _ _ _ _ _ _ _ _ _ _ _ _ _ _ _ _ _ _ _ _ _ _ _ _ _ _ _ _ _ _ _ _ _ _ _ _ _ _ _ _ _ _ _ _ _ _ _ _ _ _ _ _ _ _ _ _ _ _ _ _ _ _ _ _ _ _ _ _\n\nself = <TRADO.ADMIN_WEB.Utils.utils_Admin.Utils object at 0x000001DED83E87F0>, expected = 100, actual = '100'\n\n    @allure.step\n    @allure.description('This validation method, if the assert failed it will take screenshot')\n    def assertion(self, expected, actual):\n        driver = self.driver\n        try:\n            assert expected == actual\n            self.driver.implicitly_wait(1000)\n        except AssertionError:\n            allure.attach(driver.get_screenshot_as_png(), name='screenShot',attachment_type=AttachmentType.PNG)\n>           raise AssertionError\nE           AssertionError\n\n..\\Utils\\utils_Admin.py:19: AssertionError"}, "description": "Enter a data for requierd fields in product unit paga if any..", "steps": [{"name": "click_on_product_sidebar", "status": "passed", "start": 1677006147201, "stop": 1677006149317}, {"name": "click_kebab_buttons", "status": "passed", "start": 1677006149317, "stop": 1677006151418}, {"name": "click_plusProduct_buttons", "status": "passed", "start": 1677006151418, "stop": 1677006153546}, {"name": "enter_barcode_fields", "status": "passed", "steps": [{"name": "assertion", "status": "passed", "parameters": [{"name": "expected", "value": "'123456'"}, {"name": "actual", "value": "'123456'"}], "start": 1677006155721, "stop": 1677006155724}], "parameters": [{"name": "Barcode", "value": "'123456'"}], "start": 1677006153546, "stop": 1677006155725}, {"name": "enter_name_fields", "status": "passed", "steps": [{"name": "assertion", "status": "passed", "parameters": [{"name": "expected", "value": "'Arekie'"}, {"name": "actual", "value": "'Arekie'"}], "start": 1677006157863, "stop": 1677006157866}], "parameters": [{"name": "Name", "value": "'Arekie'"}], "start": 1677006155725, "stop": 1677006157866}, {"name": "enter_price_fields", "status": "passed", "steps": [{"name": "assertion", "status": "passed", "parameters": [{"name": "expected", "value": "'200'"}, {"name": "actual", "value": "'200'"}], "start": 1677006160015, "stop": 1677006160019}], "parameters": [{"name": "Price", "value": "'200'"}], "start": 1677006157866, "stop": 1677006160019}, {"name": "click_next_product_buttons", "status": "passed", "start": 1677006160019, "stop": 1677006162151}, {"name": "click_drope_down_section_button", "status": "passed", "start": 1677006162152, "stop": 1677006164266}, {"name": "select_sections_from_given", "status": "passed", "start": 1677006164266, "stop": 1677006166371}, {"name": "click_department_button", "status": "passed", "start": 1677006166371, "stop": 1677006168479}, {"name": "click_drope_down_productTag_button", "status": "passed", "start": 1677006168479, "stop": 1677006170593}, {"name": "select_product_tag_given", "status": "passed", "start": 1677006170593, "stop": 1677006172701}, {"name": "click_drope_down_store_button", "status": "passed", "start": 1677006172701, "stop": 1677006174823}, {"name": "select_store_from_given", "status": "passed", "start": 1677006174824, "stop": 1677006176928}, {"name": "click_next_productInfo_buttons", "status": "passed", "start": 1677006176928, "stop": 1677006179027}, {"name": "enter_amount_fields", "status": "failed", "statusDetails": {"message": "AssertionError\n", "trace": "  File \"C:\\Users\\user\\QA_Automation\\2023_Final_Project\\venv\\lib\\site-packages\\allure_commons\\_allure.py\", line 192, in impl\n    return func(*a, **kw)\n  File \"C:\\Users\\user\\QA_Automation\\2023_Final_Project\\TRADO\\ADMIN_WEB\\Pages\\productAdmin_page.py\", line 184, in enter_amount_fields\n    Utils(self.driver).assertion(Amount, Amount_input.get_attribute('value'))\n  File \"C:\\Users\\user\\QA_Automation\\2023_Final_Project\\venv\\lib\\site-packages\\allure_commons\\_allure.py\", line 192, in impl\n    return func(*a, **kw)\n  File \"C:\\Users\\user\\QA_Automation\\2023_Final_Project\\TRADO\\ADMIN_WEB\\Utils\\utils_Admin.py\", line 19, in assertion\n    raise AssertionError\n"}, "steps": [{"name": "assertion", "status": "failed", "statusDetails": {"message": "AssertionError\n", "trace": "  File \"C:\\Users\\user\\QA_Automation\\2023_Final_Project\\venv\\lib\\site-packages\\allure_commons\\_allure.py\", line 192, in impl\n    return func(*a, **kw)\n  File \"C:\\Users\\user\\QA_Automation\\2023_Final_Project\\TRADO\\ADMIN_WEB\\Utils\\utils_Admin.py\", line 19, in assertion\n    raise AssertionError\n"}, "attachments": [{"name": "screenShot", "source": "3b0287a8-7f2c-4bdc-92a2-57389694e16c-attachment.png", "type": "image/png"}], "parameters": [{"name": "expected", "value": "100"}, {"name": "actual", "value": "'100'"}], "start": 1677006180160, "stop": 1677006180314}], "parameters": [{"name": "Amount", "value": "100"}], "start": 1677006179027, "stop": 1677006180315}], "attachments": [{"name": "stdout", "source": "8ce7e8d1-6dc5-4ec8-aaf4-07b3a0473672-attachment.txt", "type": "text/plain"}], "start": 1677006147200, "stop": 1677006180316, "uuid": "90325581-1ece-46ba-bb71-2a9e00db1281", "historyId": "965940f757094e04d93e50fd19f2eb03", "testCaseId": "99e39d4262b1ebbd472c2fbc19bd55db", "fullName": "test_Admin_product.Test_product_Chrome1#test_valid_input_unit_required_fields", "labels": [{"name": "severity", "value": "normal"}, {"name": "tag", "value": "sanity"}, {"name": "tag", "value": "@pytest.mark.usefixtures('Valid_Login_to_Admin_homePage_With_Chrome_Valid_data_and_Trado_store')"}, {"name": "suite", "value": "test_Admin_product"}, {"name": "subSuite", "value": "Test_product_Chrome1"}, {"name": "host", "value": "LAPTOP-42FB6NAB"}, {"name": "thread", "value": "7280-MainThread"}, {"name": "framework", "value": "pytest"}, {"name": "language", "value": "cpython3"}, {"name": "package", "value": "test_Admin_product"}]}