{"name": "test_only_city_required_fields", "status": "failed", "statusDetails": {"message": "AssertionError", "trace": "self = <TRADO.ADMIN_WEB.Utils.utils_Admin.Utils object at 0x000001DED8E84340>, expected = 100, actual = '100'\n\n    @allure.step\n    @allure.description('This validation method, if the assert failed it will take screenshot')\n    def assertion(self, expected, actual):\n        driver = self.driver\n        try:\n>           assert expected == actual\nE           AssertionError\n\n..\\Utils\\utils_Admin.py:15: AssertionError\n\nDuring handling of the above exception, another exception occurred:\n\nself = <TRADO.ADMIN_WEB.Tests.test_Admin_product.Test_product_Chrome1 object at 0x000001DED83E9300>\n\n    @pytest.mark.sanity\n    @allure.description('Enter a data for only \"CITY\" requierd fields in product delivery paga if any..')\n    @allure.severity(allure.severity_level.NORMAL)\n    def test_only_city_required_fields(self):\n        driver = self.driver\n        production = Product_Page(driver)\n        production.click_on_product_sidebar()\n        production.click_kebab_buttons()\n        production.click_plusProduct_buttons()\n        production.enter_barcode_fields(\"123456\")\n        production.enter_name_fields(\"Arekie\")\n        production.enter_price_fields(\"200\")\n        production.click_next_product_buttons()\n        production.click_drope_down_section_button()\n        production.select_sections_from_given()\n        production.click_department_button()\n        production.click_drope_down_productTag_button()\n        production.select_product_tag_given()\n        production.click_drope_down_store_button()\n        production.select_store_from_given()\n        production.click_next_productInfo_buttons()\n>       production.enter_amount_fields(100)\n\ntest_Admin_product.py:379: \n_ _ _ _ _ _ _ _ _ _ _ _ _ _ _ _ _ _ _ _ _ _ _ _ _ _ _ _ _ _ _ _ _ _ _ _ _ _ _ _ _ _ _ _ _ _ _ _ _ _ _ _ _ _ _ _ _ _ _ _ _ _ _ _ _ _ _ _ _ _ _ _ _ _ _ _ _ _ _ _ _ _ _ _ _ _ _ _ _ _ _ _\n..\\Pages\\productAdmin_page.py:184: in enter_amount_fields\n    Utils(self.driver).assertion(Amount, Amount_input.get_attribute('value'))\n_ _ _ _ _ _ _ _ _ _ _ _ _ _ _ _ _ _ _ _ _ _ _ _ _ _ _ _ _ _ _ _ _ _ _ _ _ _ _ _ _ _ _ _ _ _ _ _ _ _ _ _ _ _ _ _ _ _ _ _ _ _ _ _ _ _ _ _ _ _ _ _ _ _ _ _ _ _ _ _ _ _ _ _ _ _ _ _ _ _ _ _\n\nself = <TRADO.ADMIN_WEB.Utils.utils_Admin.Utils object at 0x000001DED8E84340>, expected = 100, actual = '100'\n\n    @allure.step\n    @allure.description('This validation method, if the assert failed it will take screenshot')\n    def assertion(self, expected, actual):\n        driver = self.driver\n        try:\n            assert expected == actual\n            self.driver.implicitly_wait(1000)\n        except AssertionError:\n            allure.attach(driver.get_screenshot_as_png(), name='screenShot',attachment_type=AttachmentType.PNG)\n>           raise AssertionError\nE           AssertionError\n\n..\\Utils\\utils_Admin.py:19: AssertionError"}, "description": "Enter a data for only \"CITY\" requierd fields in product delivery paga if any..", "steps": [{"name": "click_on_product_sidebar", "status": "passed", "start": 1677006452315, "stop": 1677006454442}, {"name": "click_kebab_buttons", "status": "passed", "start": 1677006454443, "stop": 1677006456545}, {"name": "click_plusProduct_buttons", "status": "passed", "start": 1677006456545, "stop": 1677006458674}, {"name": "enter_barcode_fields", "status": "passed", "steps": [{"name": "assertion", "status": "passed", "parameters": [{"name": "expected", "value": "'123456'"}, {"name": "actual", "value": "'123456'"}], "start": 1677006460824, "stop": 1677006460827}], "parameters": [{"name": "Barcode", "value": "'123456'"}], "start": 1677006458674, "stop": 1677006460827}, {"name": "enter_name_fields", "status": "passed", "steps": [{"name": "assertion", "status": "passed", "parameters": [{"name": "expected", "value": "'Arekie'"}, {"name": "actual", "value": "'Arekie'"}], "start": 1677006462965, "stop": 1677006462968}], "parameters": [{"name": "Name", "value": "'Arekie'"}], "start": 1677006460828, "stop": 1677006462968}, {"name": "enter_price_fields", "status": "passed", "steps": [{"name": "assertion", "status": "passed", "parameters": [{"name": "expected", "value": "'200'"}, {"name": "actual", "value": "'200'"}], "start": 1677006465130, "stop": 1677006465135}], "parameters": [{"name": "Price", "value": "'200'"}], "start": 1677006462968, "stop": 1677006465135}, {"name": "click_next_product_buttons", "status": "passed", "start": 1677006465135, "stop": 1677006467265}, {"name": "click_drope_down_section_button", "status": "passed", "start": 1677006467265, "stop": 1677006469386}, {"name": "select_sections_from_given", "status": "passed", "start": 1677006469387, "stop": 1677006471487}, {"name": "click_department_button", "status": "passed", "start": 1677006471488, "stop": 1677006473593}, {"name": "click_drope_down_productTag_button", "status": "passed", "start": 1677006473593, "stop": 1677006475711}, {"name": "select_product_tag_given", "status": "passed", "start": 1677006475711, "stop": 1677006477814}, {"name": "click_drope_down_store_button", "status": "passed", "start": 1677006477814, "stop": 1677006479930}, {"name": "select_store_from_given", "status": "passed", "start": 1677006479930, "stop": 1677006482034}, {"name": "click_next_productInfo_buttons", "status": "passed", "start": 1677006482035, "stop": 1677006484130}, {"name": "enter_amount_fields", "status": "failed", "statusDetails": {"message": "AssertionError\n", "trace": "  File \"C:\\Users\\user\\QA_Automation\\2023_Final_Project\\venv\\lib\\site-packages\\allure_commons\\_allure.py\", line 192, in impl\n    return func(*a, **kw)\n  File \"C:\\Users\\user\\QA_Automation\\2023_Final_Project\\TRADO\\ADMIN_WEB\\Pages\\productAdmin_page.py\", line 184, in enter_amount_fields\n    Utils(self.driver).assertion(Amount, Amount_input.get_attribute('value'))\n  File \"C:\\Users\\user\\QA_Automation\\2023_Final_Project\\venv\\lib\\site-packages\\allure_commons\\_allure.py\", line 192, in impl\n    return func(*a, **kw)\n  File \"C:\\Users\\user\\QA_Automation\\2023_Final_Project\\TRADO\\ADMIN_WEB\\Utils\\utils_Admin.py\", line 19, in assertion\n    raise AssertionError\n"}, "steps": [{"name": "assertion", "status": "failed", "statusDetails": {"message": "AssertionError\n", "trace": "  File \"C:\\Users\\user\\QA_Automation\\2023_Final_Project\\venv\\lib\\site-packages\\allure_commons\\_allure.py\", line 192, in impl\n    return func(*a, **kw)\n  File \"C:\\Users\\user\\QA_Automation\\2023_Final_Project\\TRADO\\ADMIN_WEB\\Utils\\utils_Admin.py\", line 19, in assertion\n    raise AssertionError\n"}, "attachments": [{"name": "screenShot", "source": "a6ffd3d1-4ee2-4546-838c-691ca26cd958-attachment.png", "type": "image/png"}], "parameters": [{"name": "expected", "value": "100"}, {"name": "actual", "value": "'100'"}], "start": 1677006485287, "stop": 1677006485528}], "parameters": [{"name": "Amount", "value": "100"}], "start": 1677006484130, "stop": 1677006485528}], "attachments": [{"name": "stdout", "source": "53519d5f-87c1-4cb7-b455-2a34ef46b1cc-attachment.txt", "type": "text/plain"}], "start": 1677006452313, "stop": 1677006485529, "uuid": "8ec2f67a-12a5-4562-9519-fec0479d89ee", "historyId": "ac2857bc0e91b991e39a403d0cedcee0", "testCaseId": "4d370fa9f7e31e0634cbf46522063793", "fullName": "test_Admin_product.Test_product_Chrome1#test_only_city_required_fields", "labels": [{"name": "severity", "value": "normal"}, {"name": "tag", "value": "sanity"}, {"name": "tag", "value": "@pytest.mark.usefixtures('Valid_Login_to_Admin_homePage_With_Chrome_Valid_data_and_Trado_store')"}, {"name": "suite", "value": "test_Admin_product"}, {"name": "subSuite", "value": "Test_product_Chrome1"}, {"name": "host", "value": "LAPTOP-42FB6NAB"}, {"name": "thread", "value": "7280-MainThread"}, {"name": "framework", "value": "pytest"}, {"name": "language", "value": "cpython3"}, {"name": "package", "value": "test_Admin_product"}]}