{"name": "test_with_amount_and_unit_required_fields", "status": "failed", "statusDetails": {"message": "AssertionError", "trace": "self = <TRADO.ADMIN_WEB.Utils.utils_Admin.Utils object at 0x000001DED85E2230>, expected = 100, actual = '100'\n\n    @allure.step\n    @allure.description('This validation method, if the assert failed it will take screenshot')\n    def assertion(self, expected, actual):\n        driver = self.driver\n        try:\n>           assert expected == actual\nE           AssertionError\n\n..\\Utils\\utils_Admin.py:15: AssertionError\n\nDuring handling of the above exception, another exception occurred:\n\nself = <TRADO.ADMIN_WEB.Tests.test_Admin_product.Test_product_Chrome1 object at 0x000001DED83E8DF0>\n\n    @pytest.mark.sanity\n    @allure.description(\n        'Enter a data onliy \"AMOUNT AND UNIT IN CARTON \" for requierd fields in product unit paga if ''any..')\n    @allure.severity(allure.severity_level.NORMAL)\n    def test_with_amount_and_unit_required_fields(self):\n        driver = self.driver\n        production = Product_Page(driver)\n        production.click_on_product_sidebar()\n        production.click_kebab_buttons()\n        production.click_plusProduct_buttons()\n        production.enter_barcode_fields(\"123456\")\n        production.enter_name_fields(\"Arekie\")\n        production.enter_price_fields(\"200\")\n        production.click_next_product_buttons()\n        production.click_drope_down_section_button()\n        production.select_sections_from_given()\n        production.click_department_button()\n        production.click_drope_down_productTag_button()\n        production.select_product_tag_given()\n        production.click_drope_down_store_button()\n        production.select_store_from_given()\n        production.click_next_productInfo_buttons()\n>       production.enter_amount_fields(100)\n\ntest_Admin_product.py:288: \n_ _ _ _ _ _ _ _ _ _ _ _ _ _ _ _ _ _ _ _ _ _ _ _ _ _ _ _ _ _ _ _ _ _ _ _ _ _ _ _ _ _ _ _ _ _ _ _ _ _ _ _ _ _ _ _ _ _ _ _ _ _ _ _ _ _ _ _ _ _ _ _ _ _ _ _ _ _ _ _ _ _ _ _ _ _ _ _ _ _ _ _\n..\\Pages\\productAdmin_page.py:184: in enter_amount_fields\n    Utils(self.driver).assertion(Amount, Amount_input.get_attribute('value'))\n_ _ _ _ _ _ _ _ _ _ _ _ _ _ _ _ _ _ _ _ _ _ _ _ _ _ _ _ _ _ _ _ _ _ _ _ _ _ _ _ _ _ _ _ _ _ _ _ _ _ _ _ _ _ _ _ _ _ _ _ _ _ _ _ _ _ _ _ _ _ _ _ _ _ _ _ _ _ _ _ _ _ _ _ _ _ _ _ _ _ _ _\n\nself = <TRADO.ADMIN_WEB.Utils.utils_Admin.Utils object at 0x000001DED85E2230>, expected = 100, actual = '100'\n\n    @allure.step\n    @allure.description('This validation method, if the assert failed it will take screenshot')\n    def assertion(self, expected, actual):\n        driver = self.driver\n        try:\n            assert expected == actual\n            self.driver.implicitly_wait(1000)\n        except AssertionError:\n            allure.attach(driver.get_screenshot_as_png(), name='screenShot',attachment_type=AttachmentType.PNG)\n>           raise AssertionError\nE           AssertionError\n\n..\\Utils\\utils_Admin.py:19: AssertionError"}, "description": "Enter a data onliy \"AMOUNT AND UNIT IN CARTON \" for requierd fields in product unit paga if any..", "steps": [{"name": "click_on_product_sidebar", "status": "passed", "start": 1677006270965, "stop": 1677006273087}, {"name": "click_kebab_buttons", "status": "passed", "start": 1677006273088, "stop": 1677006275180}, {"name": "click_plusProduct_buttons", "status": "passed", "start": 1677006275181, "stop": 1677006277309}, {"name": "enter_barcode_fields", "status": "passed", "steps": [{"name": "assertion", "status": "passed", "parameters": [{"name": "expected", "value": "'123456'"}, {"name": "actual", "value": "'123456'"}], "start": 1677006279483, "stop": 1677006279486}], "parameters": [{"name": "Barcode", "value": "'123456'"}], "start": 1677006277310, "stop": 1677006279486}, {"name": "enter_name_fields", "status": "passed", "steps": [{"name": "assertion", "status": "passed", "parameters": [{"name": "expected", "value": "'Arekie'"}, {"name": "actual", "value": "'Arekie'"}], "start": 1677006281631, "stop": 1677006281633}], "parameters": [{"name": "Name", "value": "'Arekie'"}], "start": 1677006279486, "stop": 1677006281633}, {"name": "enter_price_fields", "status": "passed", "steps": [{"name": "assertion", "status": "passed", "parameters": [{"name": "expected", "value": "'200'"}, {"name": "actual", "value": "'200'"}], "start": 1677006283796, "stop": 1677006283800}], "parameters": [{"name": "Price", "value": "'200'"}], "start": 1677006281633, "stop": 1677006283800}, {"name": "click_next_product_buttons", "status": "passed", "start": 1677006283800, "stop": 1677006285936}, {"name": "click_drope_down_section_button", "status": "passed", "start": 1677006285936, "stop": 1677006288060}, {"name": "select_sections_from_given", "status": "passed", "start": 1677006288060, "stop": 1677006290173}, {"name": "click_department_button", "status": "passed", "start": 1677006290173, "stop": 1677006292275}, {"name": "click_drope_down_productTag_button", "status": "passed", "start": 1677006292275, "stop": 1677006294377}, {"name": "select_product_tag_given", "status": "passed", "start": 1677006294377, "stop": 1677006296487}, {"name": "click_drope_down_store_button", "status": "passed", "start": 1677006296488, "stop": 1677006298608}, {"name": "select_store_from_given", "status": "passed", "start": 1677006298608, "stop": 1677006300736}, {"name": "click_next_productInfo_buttons", "status": "passed", "start": 1677006300737, "stop": 1677006302844}, {"name": "enter_amount_fields", "status": "failed", "statusDetails": {"message": "AssertionError\n", "trace": "  File \"C:\\Users\\user\\QA_Automation\\2023_Final_Project\\venv\\lib\\site-packages\\allure_commons\\_allure.py\", line 192, in impl\n    return func(*a, **kw)\n  File \"C:\\Users\\user\\QA_Automation\\2023_Final_Project\\TRADO\\ADMIN_WEB\\Pages\\productAdmin_page.py\", line 184, in enter_amount_fields\n    Utils(self.driver).assertion(Amount, Amount_input.get_attribute('value'))\n  File \"C:\\Users\\user\\QA_Automation\\2023_Final_Project\\venv\\lib\\site-packages\\allure_commons\\_allure.py\", line 192, in impl\n    return func(*a, **kw)\n  File \"C:\\Users\\user\\QA_Automation\\2023_Final_Project\\TRADO\\ADMIN_WEB\\Utils\\utils_Admin.py\", line 19, in assertion\n    raise AssertionError\n"}, "steps": [{"name": "assertion", "status": "failed", "statusDetails": {"message": "AssertionError\n", "trace": "  File \"C:\\Users\\user\\QA_Automation\\2023_Final_Project\\venv\\lib\\site-packages\\allure_commons\\_allure.py\", line 192, in impl\n    return func(*a, **kw)\n  File \"C:\\Users\\user\\QA_Automation\\2023_Final_Project\\TRADO\\ADMIN_WEB\\Utils\\utils_Admin.py\", line 19, in assertion\n    raise AssertionError\n"}, "attachments": [{"name": "screenShot", "source": "e80885f3-fd05-4fb1-961f-d41a8ead719a-attachment.png", "type": "image/png"}], "parameters": [{"name": "expected", "value": "100"}, {"name": "actual", "value": "'100'"}], "start": 1677006303975, "stop": 1677006304222}], "parameters": [{"name": "Amount", "value": "100"}], "start": 1677006302844, "stop": 1677006304224}], "attachments": [{"name": "stdout", "source": "580a688a-4872-4534-aac0-49cc2a21e0fb-attachment.txt", "type": "text/plain"}], "start": 1677006270965, "stop": 1677006304225, "uuid": "08578374-ffa4-424c-b6cf-75692e926a6d", "historyId": "c193a0f685ab692f645597149f6d936f", "testCaseId": "35a76428f3c0ff2e18e5be257dbf05aa", "fullName": "test_Admin_product.Test_product_Chrome1#test_with_amount_and_unit_required_fields", "labels": [{"name": "severity", "value": "normal"}, {"name": "tag", "value": "sanity"}, {"name": "tag", "value": "@pytest.mark.usefixtures('Valid_Login_to_Admin_homePage_With_Chrome_Valid_data_and_Trado_store')"}, {"name": "suite", "value": "test_Admin_product"}, {"name": "subSuite", "value": "Test_product_Chrome1"}, {"name": "host", "value": "LAPTOP-42FB6NAB"}, {"name": "thread", "value": "7280-MainThread"}, {"name": "framework", "value": "pytest"}, {"name": "language", "value": "cpython3"}, {"name": "package", "value": "test_Admin_product"}]}