{"name": "test_search_products_too", "status": "failed", "statusDetails": {"message": "AssertionError", "trace": "self = <TRADO.ADMIN_WEB.Utils.utils_Admin.Utils object at 0x000001DED8E52290>, expected = 'תיאור', actual = 'סה״כ: 0 שורות'\n\n    @allure.step\n    @allure.description('This validation method, if the assert failed it will take screenshot')\n    def assertion(self, expected, actual):\n        driver = self.driver\n        try:\n>           assert expected == actual\nE           AssertionError\n\n..\\Utils\\utils_Admin.py:15: AssertionError\n\nDuring handling of the above exception, another exception occurred:\n\nself = <TRADO.ADMIN_WEB.Tests.test_Admin_product.Test_product_Chrome1 object at 0x000001DED83E99C0>\n\n    @pytest.mark.sanity\n    @allure.description('From product moduls  click the page3 and add products buttons ')\n    @allure.severity(allure.severity_level.CRITICAL)\n    def test_search_products_too(self):\n        driver = self.driver\n        pro = Product_Page(driver)\n        pro.click_on_product_sidebar()\n        pro.enter_search_box(\"xxxxxx\")\n        text = pro.Assert_text(Locators_Admin.ERROR_SEARCH_VALID_PRODUCT)\n        # text = pro.Assert_search_valid_products()\n>       Utils(driver).assertion(\"תיאור\", text)\n\ntest_Admin_product.py:476: \n_ _ _ _ _ _ _ _ _ _ _ _ _ _ _ _ _ _ _ _ _ _ _ _ _ _ _ _ _ _ _ _ _ _ _ _ _ _ _ _ _ _ _ _ _ _ _ _ _ _ _ _ _ _ _ _ _ _ _ _ _ _ _ _ _ _ _ _ _ _ _ _ _ _ _ _ _ _ _ _ _ _ _ _ _ _ _ _ _ _ _ _\n\nself = <TRADO.ADMIN_WEB.Utils.utils_Admin.Utils object at 0x000001DED8E52290>, expected = 'תיאור', actual = 'סה״כ: 0 שורות'\n\n    @allure.step\n    @allure.description('This validation method, if the assert failed it will take screenshot')\n    def assertion(self, expected, actual):\n        driver = self.driver\n        try:\n            assert expected == actual\n            self.driver.implicitly_wait(1000)\n        except AssertionError:\n            allure.attach(driver.get_screenshot_as_png(), name='screenShot',attachment_type=AttachmentType.PNG)\n>           raise AssertionError\nE           AssertionError\n\n..\\Utils\\utils_Admin.py:19: AssertionError"}, "description": "From product moduls  click the page3 and add products buttons ", "steps": [{"name": "click_on_product_sidebar", "status": "passed", "start": 1677006662929, "stop": 1677006665042}, {"name": "enter_search_box", "status": "passed", "steps": [{"name": "assertion", "status": "passed", "parameters": [{"name": "expected", "value": "'xxxxxx'"}, {"name": "actual", "value": "'xxxxxx'"}], "start": 1677006667194, "stop": 1677006667197}], "parameters": [{"name": "search", "value": "'xxxxxx'"}], "start": 1677006665043, "stop": 1677006667197}, {"name": "Assert_text", "status": "passed", "parameters": [{"name": "path", "value": "'/html/body/div/div[1]/div[2]/main/div[2]/div/div[2]/div[2]/div[2]'"}], "start": 1677006667198, "stop": 1677006667231}, {"name": "assertion", "status": "failed", "statusDetails": {"message": "AssertionError\n", "trace": "  File \"C:\\Users\\user\\QA_Automation\\2023_Final_Project\\venv\\lib\\site-packages\\allure_commons\\_allure.py\", line 192, in impl\n    return func(*a, **kw)\n  File \"C:\\Users\\user\\QA_Automation\\2023_Final_Project\\TRADO\\ADMIN_WEB\\Utils\\utils_Admin.py\", line 19, in assertion\n    raise AssertionError\n"}, "attachments": [{"name": "screenShot", "source": "1b7867be-c23b-4eef-9888-25e0ea5b9e77-attachment.png", "type": "image/png"}], "parameters": [{"name": "expected", "value": "'תיאור'"}, {"name": "actual", "value": "'סה״כ: 0 שורות'"}], "start": 1677006667231, "stop": 1677006667478}], "attachments": [{"name": "stdout", "source": "9edd58b5-1ca0-4bda-830c-de2bf44295e0-attachment.txt", "type": "text/plain"}], "start": 1677006662928, "stop": 1677006667480, "uuid": "17fa3765-2b4e-49d5-b62a-fe7064f1d88c", "historyId": "e899eab07c8dc6b366d19cce0e07abcc", "testCaseId": "46932c51a04bd01641971e80a91fa572", "fullName": "test_Admin_product.Test_product_Chrome1#test_search_products_too", "labels": [{"name": "severity", "value": "critical"}, {"name": "tag", "value": "sanity"}, {"name": "tag", "value": "@pytest.mark.usefixtures('Valid_Login_to_Admin_homePage_With_Chrome_Valid_data_and_Trado_store')"}, {"name": "suite", "value": "test_Admin_product"}, {"name": "subSuite", "value": "Test_product_Chrome1"}, {"name": "host", "value": "LAPTOP-42FB6NAB"}, {"name": "thread", "value": "7280-MainThread"}, {"name": "framework", "value": "pytest"}, {"name": "language", "value": "cpython3"}, {"name": "package", "value": "test_Admin_product"}]}